[20 Dec, 2024 - 21:35:48:3548] [31merror[39m: [31msignup error User validation failed: password: Path `password` (`1267`) is shorter than the minimum allowed length (6).[39m
[20 Dec, 2024 - 21:37:43:3743] [31merror[39m: [31msignup error User validation failed: password: Password must be at least 6 characters long.[39m
[20 Dec, 2024 - 21:38:26:3826] [31merror[39m: [31msignup error User validation failed: password: Password must be at least 6 characters long.[39m
[20 Dec, 2024 - 21:40:37:4037] [31merror[39m: [31msignup error User validation failed: password: Password must be at least 6 characters long.[39m
[20 Dec, 2024 - 21:41:07:417] [31merror[39m: [31msignup error User validation failed: password: Path `password` (`1267`) is shorter than the minimum allowed length (6).[39m
[20 Dec, 2024 - 21:41:18:4118] [31merror[39m: [31msignup error User validation failed: password: Path `password` (`1267`) is shorter than the minimum allowed length (6).[39m
[20 Dec, 2024 - 21:42:00:420] [31merror[39m: [31msignup error bcrypt is not defined[39m
[20 Dec, 2024 - 21:48:50:4850] [31merror[39m: [31msignup error Cannot set headers after they are sent to the client[39m
[20 Dec, 2024 - 21:49:30:4930] [31merror[39m: [31msignup error Cannot read properties of undefined (reading 'length')[39m
[21 Dec, 2024 - 13:24:28:2428] [31merror[39m: [31mlogin route failed [39m
[21 Dec, 2024 - 13:25:20:2520] [31merror[39m: [31mlogin route failed [39m
[21 Dec, 2024 - 13:27:01:271] [31merror[39m: [31msignup error Cannot set headers after they are sent to the client[39m
[21 Dec, 2024 - 13:27:36:2736] [31merror[39m: [31msignup error Cannot set headers after they are sent to the client[39m
[21 Dec, 2024 - 13:29:32:2932] [31merror[39m: [31msignup error Cannot set headers after they are sent to the client[39m
[21 Dec, 2024 - 13:30:53:3053] [31merror[39m: [31mlogin route failed [39m
[21 Dec, 2024 - 13:33:05:335] [31merror[39m: [31mlogin route failed bcrypt is not defined[39m
[24 Dec, 2024 - 14:19:09:199] [31merror[39m: [31merror in getuserfor sidebar controllerloggedInUserId is not defined[39m
[24 Dec, 2024 - 14:19:27:1927] [31merror[39m: [31merror in getuserfor sidebar controllerloggedInUserId is not defined[39m
[24 Dec, 2024 - 14:21:12:2112] [31merror[39m: [31merror in getuserfor sidebar controllerCannot set headers after they are sent to the client[39m
[24 Dec, 2024 - 14:21:38:2138] [31merror[39m: [31merror in getuserfor sidebar controllerCannot set headers after they are sent to the client[39m
[24 Dec, 2024 - 16:21:00:210] [31merror[39m: [31merror in getuserfor sidebar controllerCannot read properties of undefined (reading '_id')[39m
[24 Dec, 2024 - 16:22:32:2232] [31merror[39m: [31merror in getuserfor sidebar controllerCannot read properties of undefined (reading '_id')[39m
[24 Dec, 2024 - 16:23:24:2324] [31merror[39m: [31merror in getuserfor sidebar controllerCannot read properties of undefined (reading '_id')[39m
[24 Dec, 2024 - 16:30:19:3019] [31merror[39m: [31merror in getuserfor sidebar controllerCannot read properties of undefined (reading '_id')[39m
[24 Dec, 2024 - 16:33:55:3355] [31merror[39m: [31merror in getuserfor sidebar controllerCannot read properties of undefined (reading '_id')[39m
[26 Dec, 2024 - 16:07:19:719] [31merror[39m: [31mlogin route failed Invalid status code: { success: true, message: 'login successfull', user: [Object] }[39m
[26 Dec, 2024 - 16:07:34:734] [31merror[39m: [31mlogin route failed Invalid status code: { success: true, message: 'login successfull', user: [Object] }[39m
[26 Dec, 2024 - 18:32:28:3228] [31merror[39m: [31muploading profiled pic failedMust supply cloud_name[39m
[26 Dec, 2024 - 18:33:18:3318] [31merror[39m: [31muploading profiled pic failedInvalid cloud_name Alpha[39m
[26 Dec, 2024 - 18:33:19:3319] [31merror[39m: [31muploading profiled pic failedInvalid cloud_name Alpha[39m
[26 Dec, 2024 - 18:37:40:3740] [31merror[39m: [31muploading profiled pic failedInvalid cloud_name Alpha[39m
[26 Dec, 2024 - 18:40:48:4048] [31merror[39m: [31muploading profiled pic failedInvalid cloud_name alpha2[39m
[26 Dec, 2024 - 18:43:19:4319] [31merror[39m: [31muploading profiled pic failedCannot create property 'Symbol(level)' on string 'image uploaded'[39m
